This is pdfTeX, Version 3.14159265-2.6-1.40.17 (TeX Live 2016) (preloaded format=pdflatex 2017.5.28)  3 JUL 2017 15:31
entering extended mode
 restricted \write18 enabled.
 %&-line parsing enabled.
**GestorDocumental.tex
(./GestorDocumental.tex
LaTeX2e <2016/03/31>
Babel <3.9r> and hyphenation patterns for 83 language(s) loaded.
(./sphinxmanual.cls
Document Class: sphinxmanual 2017/03/26 v1.5.4 Document class (Sphinx manual)
(/usr/local/texlive/2016/texmf-dist/tex/latex/base/report.cls
Document Class: report 2014/09/29 v1.4h Standard LaTeX document class
(/usr/local/texlive/2016/texmf-dist/tex/latex/base/size11.clo
File: size11.clo 2014/09/29 v1.4h Standard LaTeX file (size option)
)
\c@part=\count79
\c@chapter=\count80
\c@section=\count81
\c@subsection=\count82
\c@subsubsection=\count83
\c@paragraph=\count84
\c@subparagraph=\count85
\c@figure=\count86
\c@table=\count87
\abovecaptionskip=\skip41
\belowcaptionskip=\skip42
\bibindent=\dimen102
))
(/usr/local/texlive/2016/texmf-dist/tex/latex/base/inputenc.sty
Package: inputenc 2015/03/17 v1.2c Input encoding file
\inpenc@prehook=\toks14
\inpenc@posthook=\toks15

(/usr/local/texlive/2016/texmf-dist/tex/latex/base/utf8.def
File: utf8.def 2016/02/28 v1.1s UTF-8 support for inputenc
Now handling font encoding OML ...
... no UTF-8 mapping file for font encoding OML
Now handling font encoding T1 ...
... processing UTF-8 mapping file for font encoding T1

(/usr/local/texlive/2016/texmf-dist/tex/latex/base/t1enc.dfu
File: t1enc.dfu 2016/02/28 v1.1s UTF-8 support for inputenc
   defining Unicode char U+00A0 (decimal 160)
   defining Unicode char U+00A1 (decimal 161)
   defining Unicode char U+00A3 (decimal 163)
   defining Unicode char U+00AB (decimal 171)
   defining Unicode char U+00AD (decimal 173)
   defining Unicode char U+00BB (decimal 187)
   defining Unicode char U+00BF (decimal 191)
   defining Unicode char U+00C0 (decimal 192)
   defining Unicode char U+00C1 (decimal 193)
   defining Unicode char U+00C2 (decimal 194)
   defining Unicode char U+00C3 (decimal 195)
   defining Unicode char U+00C4 (decimal 196)
   defining Unicode char U+00C5 (decimal 197)
   defining Unicode char U+00C6 (decimal 198)
   defining Unicode char U+00C7 (decimal 199)
   defining Unicode char U+00C8 (decimal 200)
   defining Unicode char U+00C9 (decimal 201)
   defining Unicode char U+00CA (decimal 202)
   defining Unicode char U+00CB (decimal 203)
   defining Unicode char U+00CC (decimal 204)
   defining Unicode char U+00CD (decimal 205)
   defining Unicode char U+00CE (decimal 206)
   defining Unicode char U+00CF (decimal 207)
   defining Unicode char U+00D0 (decimal 208)
   defining Unicode char U+00D1 (decimal 209)
   defining Unicode char U+00D2 (decimal 210)
   defining Unicode char U+00D3 (decimal 211)
   defining Unicode char U+00D4 (decimal 212)
   defining Unicode char U+00D5 (decimal 213)
   defining Unicode char U+00D6 (decimal 214)
   defining Unicode char U+00D8 (decimal 216)
   defining Unicode char U+00D9 (decimal 217)
   defining Unicode char U+00DA (decimal 218)
   defining Unicode char U+00DB (decimal 219)
   defining Unicode char U+00DC (decimal 220)
   defining Unicode char U+00DD (decimal 221)
   defining Unicode char U+00DE (decimal 222)
   defining Unicode char U+00DF (decimal 223)
   defining Unicode char U+00E0 (decimal 224)
   defining Unicode char U+00E1 (decimal 225)
   defining Unicode char U+00E2 (decimal 226)
   defining Unicode char U+00E3 (decimal 227)
   defining Unicode char U+00E4 (decimal 228)
   defining Unicode char U+00E5 (decimal 229)
   defining Unicode char U+00E6 (decimal 230)
   defining Unicode char U+00E7 (decimal 231)
   defining Unicode char U+00E8 (decimal 232)
   defining Unicode char U+00E9 (decimal 233)
   defining Unicode char U+00EA (decimal 234)
   defining Unicode char U+00EB (decimal 235)
   defining Unicode char U+00EC (decimal 236)
   defining Unicode char U+00ED (decimal 237)
   defining Unicode char U+00EE (decimal 238)
   defining Unicode char U+00EF (decimal 239)
   defining Unicode char U+00F0 (decimal 240)
   defining Unicode char U+00F1 (decimal 241)
   defining Unicode char U+00F2 (decimal 242)
   defining Unicode char U+00F3 (decimal 243)
   defining Unicode char U+00F4 (decimal 244)
   defining Unicode char U+00F5 (decimal 245)
   defining Unicode char U+00F6 (decimal 246)
   defining Unicode char U+00F8 (decimal 248)
   defining Unicode char U+00F9 (decimal 249)
   defining Unicode char U+00FA (decimal 250)
   defining Unicode char U+00FB (decimal 251)
   defining Unicode char U+00FC (decimal 252)
   defining Unicode char U+00FD (decimal 253)
   defining Unicode char U+00FE (decimal 254)
   defining Unicode char U+00FF (decimal 255)
   defining Unicode char U+0100 (decimal 256)
   defining Unicode char U+0101 (decimal 257)
   defining Unicode char U+0102 (decimal 258)
   defining Unicode char U+0103 (decimal 259)
   defining Unicode char U+0104 (decimal 260)
   defining Unicode char U+0105 (decimal 261)
   defining Unicode char U+0106 (decimal 262)
   defining Unicode char U+0107 (decimal 263)
   defining Unicode char U+0108 (decimal 264)
   defining Unicode char U+0109 (decimal 265)
   defining Unicode char U+010A (decimal 266)
   defining Unicode char U+010B (decimal 267)
   defining Unicode char U+010C (decimal 268)
   defining Unicode char U+010D (decimal 269)
   defining Unicode char U+010E (decimal 270)
   defining Unicode char U+010F (decimal 271)
   defining Unicode char U+0110 (decimal 272)
   defining Unicode char U+0111 (decimal 273)
   defining Unicode char U+0112 (decimal 274)
   defining Unicode char U+0113 (decimal 275)
   defining Unicode char U+0114 (decimal 276)
   defining Unicode char U+0115 (decimal 277)
   defining Unicode char U+0116 (decimal 278)
   defining Unicode char U+0117 (decimal 279)
   defining Unicode char U+0118 (decimal 280)
   defining Unicode char U+0119 (decimal 281)
   defining Unicode char U+011A (decimal 282)
   defining Unicode char U+011B (decimal 283)
   defining Unicode char U+011C (decimal 284)
   defining Unicode char U+011D (decimal 285)
   defining Unicode char U+011E (decimal 286)
   defining Unicode char U+011F (decimal 287)
   defining Unicode char U+0120 (decimal 288)
   defining Unicode char U+0121 (decimal 289)
   defining Unicode char U+0122 (decimal 290)
   defining Unicode char U+0123 (decimal 291)
   defining Unicode char U+0124 (decimal 292)
   defining Unicode char U+0125 (decimal 293)
   defining Unicode char U+0128 (decimal 296)
   defining Unicode char U+0129 (decimal 297)
   defining Unicode char U+012A (decimal 298)
   defining Unicode char U+012B (decimal 299)
   defining Unicode char U+012C (decimal 300)
   defining Unicode char U+012D (decimal 301)
   defining Unicode char U+012E (decimal 302)
   defining Unicode char U+012F (decimal 303)
   defining Unicode char U+0130 (decimal 304)
   defining Unicode char U+0131 (decimal 305)
   defining Unicode char U+0132 (decimal 306)
   defining Unicode char U+0133 (decimal 307)
   defining Unicode char U+0134 (decimal 308)
   defining Unicode char U+0135 (decimal 309)
   defining Unicode char U+0136 (decimal 310)
   defining Unicode char U+0137 (decimal 311)
   defining Unicode char U+0139 (decimal 313)
   defining Unicode char U+013A (decimal 314)
   defining Unicode char U+013B (decimal 315)
   defining Unicode char U+013C (decimal 316)
   defining Unicode char U+013D (decimal 317)
   defining Unicode char U+013E (decimal 318)
   defining Unicode char U+0141 (decimal 321)
   defining Unicode char U+0142 (decimal 322)
   defining Unicode char U+0143 (decimal 323)
   defining Unicode char U+0144 (decimal 324)
   defining Unicode char U+0145 (decimal 325)
   defining Unicode char U+0146 (decimal 326)
   defining Unicode char U+0147 (decimal 327)
   defining Unicode char U+0148 (decimal 328)
   defining Unicode char U+014A (decimal 330)
   defining Unicode char U+014B (decimal 331)
   defining Unicode char U+014C (decimal 332)
   defining Unicode char U+014D (decimal 333)
   defining Unicode char U+014E (decimal 334)
   defining Unicode char U+014F (decimal 335)
   defining Unicode char U+0150 (decimal 336)
   defining Unicode char U+0151 (decimal 337)
   defining Unicode char U+0152 (decimal 338)
   defining Unicode char U+0153 (decimal 339)
   defining Unicode char U+0154 (decimal 340)
   defining Unicode char U+0155 (decimal 341)
   defining Unicode char U+0156 (decimal 342)
   defining Unicode char U+0157 (decimal 343)
   defining Unicode char U+0158 (decimal 344)
   defining Unicode char U+0159 (decimal 345)
   defining Unicode char U+015A (decimal 346)
   defining Unicode char U+015B (decimal 347)
   defining Unicode char U+015C (decimal 348)
   defining Unicode char U+015D (decimal 349)
   defining Unicode char U+015E (decimal 350)
   defining Unicode char U+015F (decimal 351)
   defining Unicode char U+0160 (decimal 352)
   defining Unicode char U+0161 (decimal 353)
   defining Unicode char U+0162 (decimal 354)
   defining Unicode char U+0163 (decimal 355)
   defining Unicode char U+0164 (decimal 356)
   defining Unicode char U+0165 (decimal 357)
   defining Unicode char U+0168 (decimal 360)
   defining Unicode char U+0169 (decimal 361)
   defining Unicode char U+016A (decimal 362)
   defining Unicode char U+016B (decimal 363)
   defining Unicode char U+016C (decimal 364)
   defining Unicode char U+016D (decimal 365)
   defining Unicode char U+016E (decimal 366)
   defining Unicode char U+016F (decimal 367)
   defining Unicode char U+0170 (decimal 368)
   defining Unicode char U+0171 (decimal 369)
   defining Unicode char U+0172 (decimal 370)
   defining Unicode char U+0173 (decimal 371)
   defining Unicode char U+0174 (decimal 372)
   defining Unicode char U+0175 (decimal 373)
   defining Unicode char U+0176 (decimal 374)
   defining Unicode char U+0177 (decimal 375)
   defining Unicode char U+0178 (decimal 376)
   defining Unicode char U+0179 (decimal 377)
   defining Unicode char U+017A (decimal 378)
   defining Unicode char U+017B (decimal 379)
   defining Unicode char U+017C (decimal 380)
   defining Unicode char U+017D (decimal 381)
   defining Unicode char U+017E (decimal 382)
   defining Unicode char U+01CD (decimal 461)
   defining Unicode char U+01CE (decimal 462)
   defining Unicode char U+01CF (decimal 463)
   defining Unicode char U+01D0 (decimal 464)
   defining Unicode char U+01D1 (decimal 465)
   defining Unicode char U+01D2 (decimal 466)
   defining Unicode char U+01D3 (decimal 467)
   defining Unicode char U+01D4 (decimal 468)
   defining Unicode char U+01E2 (decimal 482)
   defining Unicode char U+01E3 (decimal 483)
   defining Unicode char U+01E6 (decimal 486)
   defining Unicode char U+01E7 (decimal 487)
   defining Unicode char U+01E8 (decimal 488)
   defining Unicode char U+01E9 (decimal 489)
   defining Unicode char U+01EA (decimal 490)
   defining Unicode char U+01EB (decimal 491)
   defining Unicode char U+01F0 (decimal 496)
   defining Unicode char U+01F4 (decimal 500)
   defining Unicode char U+01F5 (decimal 501)
   defining Unicode char U+0218 (decimal 536)
   defining Unicode char U+0219 (decimal 537)
   defining Unicode char U+021A (decimal 538)
   defining Unicode char U+021B (decimal 539)
   defining Unicode char U+1E02 (decimal 7682)
   defining Unicode char U+1E03 (decimal 7683)
   defining Unicode char U+200C (decimal 8204)
   defining Unicode char U+2010 (decimal 8208)
   defining Unicode char U+2011 (decimal 8209)
   defining Unicode char U+2012 (decimal 8210)
   defining Unicode char U+2013 (decimal 8211)
   defining Unicode char U+2014 (decimal 8212)
   defining Unicode char U+2015 (decimal 8213)
   defining Unicode char U+2018 (decimal 8216)
   defining Unicode char U+2019 (decimal 8217)
   defining Unicode char U+201A (decimal 8218)
   defining Unicode char U+201C (decimal 8220)
   defining Unicode char U+201D (decimal 8221)
   defining Unicode char U+201E (decimal 8222)
   defining Unicode char U+2030 (decimal 8240)
   defining Unicode char U+2031 (decimal 8241)
   defining Unicode char U+2039 (decimal 8249)
   defining Unicode char U+203A (decimal 8250)
   defining Unicode char U+2423 (decimal 9251)
)
Now handling font encoding OT1 ...
... processing UTF-8 mapping file for font encoding OT1

(/usr/local/texlive/2016/texmf-dist/tex/latex/base/ot1enc.dfu
File: ot1enc.dfu 2016/02/28 v1.1s UTF-8 support for inputenc
   defining Unicode char U+00A0 (decimal 160)
   defining Unicode char U+00A1 (decimal 161)
   defining Unicode char U+00A3 (decimal 163)
   defining Unicode char U+00AD (decimal 173)
   defining Unicode char U+00B8 (decimal 184)
   defining Unicode char U+00BF (decimal 191)
   defining Unicode char U+00C5 (decimal 197)
   defining Unicode char U+00C6 (decimal 198)
   defining Unicode char U+00D8 (decimal 216)
   defining Unicode char U+00DF (decimal 223)
   defining Unicode char U+00E6 (decimal 230)
   defining Unicode char U+00EC (decimal 236)
   defining Unicode char U+00ED (decimal 237)
   defining Unicode char U+00EE (decimal 238)
   defining Unicode char U+00EF (decimal 239)
   defining Unicode char U+00F8 (decimal 248)
   defining Unicode char U+0131 (decimal 305)
   defining Unicode char U+0141 (decimal 321)
   defining Unicode char U+0142 (decimal 322)
   defining Unicode char U+0152 (decimal 338)
   defining Unicode char U+0153 (decimal 339)
   defining Unicode char U+0174 (decimal 372)
   defining Unicode char U+0175 (decimal 373)
   defining Unicode char U+0176 (decimal 374)
   defining Unicode char U+0177 (decimal 375)
   defining Unicode char U+0218 (decimal 536)
   defining Unicode char U+0219 (decimal 537)
   defining Unicode char U+021A (decimal 538)
   defining Unicode char U+021B (decimal 539)
   defining Unicode char U+2013 (decimal 8211)
   defining Unicode char U+2014 (decimal 8212)
   defining Unicode char U+2018 (decimal 8216)
   defining Unicode char U+2019 (decimal 8217)
   defining Unicode char U+201C (decimal 8220)
   defining Unicode char U+201D (decimal 8221)
)
Now handling font encoding OMS ...
... processing UTF-8 mapping file for font encoding OMS

(/usr/local/texlive/2016/texmf-dist/tex/latex/base/omsenc.dfu
File: omsenc.dfu 2016/02/28 v1.1s UTF-8 support for inputenc
   defining Unicode char U+00A7 (decimal 167)
   defining Unicode char U+00B6 (decimal 182)
   defining Unicode char U+00B7 (decimal 183)
   defining Unicode char U+2020 (decimal 8224)
   defining Unicode char U+2021 (decimal 8225)
   defining Unicode char U+2022 (decimal 8226)
)
Now handling font encoding OMX ...
... no UTF-8 mapping file for font encoding OMX
Now handling font encoding U ...
... no UTF-8 mapping file for font encoding U
   defining Unicode char U+00A9 (decimal 169)
   defining Unicode char U+00AA (decimal 170)
   defining Unicode char U+00AE (decimal 174)
   defining Unicode char U+00BA (decimal 186)
   defining Unicode char U+02C6 (decimal 710)
   defining Unicode char U+02DC (decimal 732)
   defining Unicode char U+200C (decimal 8204)
   defining Unicode char U+2026 (decimal 8230)
   defining Unicode char U+2122 (decimal 8482)
   defining Unicode char U+2423 (decimal 9251)
))
   defining Unicode char U+00A0 (decimal 160)

(/usr/local/texlive/2016/texmf-dist/tex/latex/cmap/cmap.sty
Package: cmap 2008/03/06 v1.0h CMap support: searchable PDF
)
(/usr/local/texlive/2016/texmf-dist/tex/latex/base/fontenc.sty
Package: fontenc 2005/09/27 v1.99g Standard LaTeX package

(/usr/local/texlive/2016/texmf-dist/tex/latex/base/t1enc.def
File: t1enc.def 2005/09/27 v1.99g Standard LaTeX file
LaTeX Font Info:    Redeclaring font encoding T1 on input line 48.
)<<t1.cmap>>)
(/usr/local/texlive/2016/texmf-dist/tex/latex/amsmath/amsmath.sty
Package: amsmath 2016/03/10 v2.15b AMS math features
\@mathmargin=\skip43

For additional information on amsmath, use the `?' option.
(/usr/local/texlive/2016/texmf-dist/tex/latex/amsmath/amstext.sty
Package: amstext 2000/06/29 v2.01 AMS text

(/usr/local/texlive/2016/texmf-dist/tex/latex/amsmath/amsgen.sty
File: amsgen.sty 1999/11/30 v2.0 generic functions
\@emptytoks=\toks16
\ex@=\dimen103
))
(/usr/local/texlive/2016/texmf-dist/tex/latex/amsmath/amsbsy.sty
Package: amsbsy 1999/11/29 v1.2d Bold Symbols
\pmbraise@=\dimen104
)
(/usr/local/texlive/2016/texmf-dist/tex/latex/amsmath/amsopn.sty
Package: amsopn 2016/03/08 v2.02 operator names
)
\inf@bad=\count88
LaTeX Info: Redefining \frac on input line 199.
\uproot@=\count89
\leftroot@=\count90
LaTeX Info: Redefining \overline on input line 297.
\classnum@=\count91
\DOTSCASE@=\count92
LaTeX Info: Redefining \ldots on input line 394.
LaTeX Info: Redefining \dots on input line 397.
LaTeX Info: Redefining \cdots on input line 518.
\Mathstrutbox@=\box26
\strutbox@=\box27
\big@size=\dimen105
LaTeX Font Info:    Redeclaring font encoding OML on input line 634.
LaTeX Font Info:    Redeclaring font encoding OMS on input line 635.
\macc@depth=\count93
\c@MaxMatrixCols=\count94
\dotsspace@=\muskip10
\c@parentequation=\count95
\dspbrk@lvl=\count96
\tag@help=\toks17
\row@=\count97
\column@=\count98
\maxfields@=\count99
\andhelp@=\toks18
\eqnshift@=\dimen106
\alignsep@=\dimen107
\tagshift@=\dimen108
\tagwidth@=\dimen109
\totwidth@=\dimen110
\lineht@=\dimen111
\@envbody=\toks19
\multlinegap=\skip44
\multlinetaggap=\skip45
\mathdisplay@stack=\toks20
LaTeX Info: Redefining \[ on input line 2739.
LaTeX Info: Redefining \] on input line 2740.
)
(/usr/local/texlive/2016/texmf-dist/tex/latex/amsfonts/amssymb.sty
Package: amssymb 2013/01/14 v3.01 AMS font symbols

(/usr/local/texlive/2016/texmf-dist/tex/latex/amsfonts/amsfonts.sty
Package: amsfonts 2013/01/14 v3.01 Basic AMSFonts support
\symAMSa=\mathgroup4
\symAMSb=\mathgroup5
LaTeX Font Info:    Overwriting math alphabet `\mathfrak' in version `bold'
(Font)                  U/euf/m/n --> U/euf/b/n on input line 106.
))
(/usr/local/texlive/2016/texmf-dist/tex/generic/babel/babel.sty
Package: babel 2016/04/23 3.9r The Babel package

(/usr/local/texlive/2016/texmf-dist/tex/generic/babel-catalan/catalan.ldf
Language: catalan 2005/03/29 v2.2p Catalan support from the babel system

(/usr/local/texlive/2016/texmf-dist/tex/generic/babel/babel.def
File: babel.def 2016/04/23 3.9r Babel common definitions
\babel@savecnt=\count100
\U@D=\dimen112
)
Package babel Info: Making " an active character on input line 91.
\leftllkern=\dimen113
\rightllkern=\dimen114
\raiselldim=\dimen115
))
(/usr/local/texlive/2016/texmf-dist/tex/latex/psnfss/times.sty
Package: times 2005/04/12 PSNFSS-v9.2a (SPQR) 
)
(/usr/local/texlive/2016/texmf-dist/tex/latex/fncychap/fncychap.sty
Package: fncychap 2007/07/30 v1.34 LaTeX package (Revised chapters)
\RW=\skip46
\mylen=\skip47
\myhi=\skip48
\px=\skip49
\py=\skip50
\pyy=\skip51
\pxx=\skip52
)
(/usr/local/texlive/2016/texmf-dist/tex/latex/tools/longtable.sty
Package: longtable 2014/10/28 v4.11 Multi-page Table package (DPC)
\LTleft=\skip53
\LTright=\skip54
\LTpre=\skip55
\LTpost=\skip56
\LTchunksize=\count101
\LTcapwidth=\dimen116
\LT@head=\box28
\LT@firsthead=\box29
\LT@foot=\box30
\LT@lastfoot=\box31
\LT@cols=\count102
\LT@rows=\count103
\c@LT@tables=\count104
\c@LT@chunks=\count105
\LT@p@ftn=\toks21
)
(./sphinx.sty
Package: sphinx 2017/03/26 v1.5.4 LaTeX package (Sphinx markup)

(/usr/local/texlive/2016/texmf-dist/tex/latex/graphics/graphicx.sty
Package: graphicx 2014/10/28 v1.0g Enhanced LaTeX Graphics (DPC,SPQR)

(/usr/local/texlive/2016/texmf-dist/tex/latex/graphics/keyval.sty
Package: keyval 2014/10/28 v1.15 key=value parser (DPC)
\KV@toks@=\toks22
)
(/usr/local/texlive/2016/texmf-dist/tex/latex/graphics/graphics.sty
Package: graphics 2016/05/09 v1.0r Standard LaTeX Graphics (DPC,SPQR)

(/usr/local/texlive/2016/texmf-dist/tex/latex/graphics/trig.sty
Package: trig 2016/01/03 v1.10 sin cos tan (DPC)
)
(/usr/local/texlive/2016/texmf-dist/tex/latex/graphics-cfg/graphics.cfg
File: graphics.cfg 2016/01/02 v1.10 sample graphics configuration
)
Package graphics Info: Driver file: pdftex.def on input line 96.

(/usr/local/texlive/2016/texmf-dist/tex/latex/pdftex-def/pdftex.def
File: pdftex.def 2011/05/27 v0.06d Graphics/color for pdfTeX

(/usr/local/texlive/2016/texmf-dist/tex/generic/oberdiek/infwarerr.sty
Package: infwarerr 2016/05/16 v1.4 Providing info/warning/error messages (HO)
)
(/usr/local/texlive/2016/texmf-dist/tex/generic/oberdiek/ltxcmds.sty
Package: ltxcmds 2016/05/16 v1.23 LaTeX kernel commands for general use (HO)
)
\Gread@gobject=\count106
))
\Gin@req@height=\dimen117
\Gin@req@width=\dimen118
)
(/usr/local/texlive/2016/texmf-dist/tex/latex/fancyhdr/fancyhdr.sty
\fancy@headwidth=\skip57
\f@ncyO@elh=\skip58
\f@ncyO@erh=\skip59
\f@ncyO@olh=\skip60
\f@ncyO@orh=\skip61
\f@ncyO@elf=\skip62
\f@ncyO@erf=\skip63
\f@ncyO@olf=\skip64
\f@ncyO@orf=\skip65
)
(/usr/local/texlive/2016/texmf-dist/tex/latex/base/textcomp.sty
Package: textcomp 2005/09/27 v1.99g Standard LaTeX package
Package textcomp Info: Sub-encoding information:
(textcomp)               5 = only ISO-Adobe without \textcurrency
(textcomp)               4 = 5 + \texteuro
(textcomp)               3 = 4 + \textohm
(textcomp)               2 = 3 + \textestimated + \textcurrency
(textcomp)               1 = TS1 - \textcircled - \t
(textcomp)               0 = TS1 (full)
(textcomp)             Font families with sub-encoding setting implement
(textcomp)             only a restricted character set as indicated.
(textcomp)             Family '?' is the default used for unknown fonts.
(textcomp)             See the documentation for details.
Package textcomp Info: Setting ? sub-encoding to TS1/1 on input line 79.

(/usr/local/texlive/2016/texmf-dist/tex/latex/base/ts1enc.def
File: ts1enc.def 2001/06/05 v3.0e (jk/car/fm) Standard LaTeX file
Now handling font encoding TS1 ...
... processing UTF-8 mapping file for font encoding TS1

(/usr/local/texlive/2016/texmf-dist/tex/latex/base/ts1enc.dfu
File: ts1enc.dfu 2016/02/28 v1.1s UTF-8 support for inputenc
   defining Unicode char U+00A2 (decimal 162)
   defining Unicode char U+00A3 (decimal 163)
   defining Unicode char U+00A4 (decimal 164)
   defining Unicode char U+00A5 (decimal 165)
   defining Unicode char U+00A6 (decimal 166)
   defining Unicode char U+00A7 (decimal 167)
   defining Unicode char U+00A8 (decimal 168)
   defining Unicode char U+00A9 (decimal 169)
   defining Unicode char U+00AA (decimal 170)
   defining Unicode char U+00AC (decimal 172)
   defining Unicode char U+00AE (decimal 174)
   defining Unicode char U+00AF (decimal 175)
   defining Unicode char U+00B0 (decimal 176)
   defining Unicode char U+00B1 (decimal 177)
   defining Unicode char U+00B2 (decimal 178)
   defining Unicode char U+00B3 (decimal 179)
   defining Unicode char U+00B4 (decimal 180)
   defining Unicode char U+00B5 (decimal 181)
   defining Unicode char U+00B6 (decimal 182)
   defining Unicode char U+00B7 (decimal 183)
   defining Unicode char U+00B9 (decimal 185)
   defining Unicode char U+00BA (decimal 186)
   defining Unicode char U+00BC (decimal 188)
   defining Unicode char U+00BD (decimal 189)
   defining Unicode char U+00BE (decimal 190)
   defining Unicode char U+00D7 (decimal 215)
   defining Unicode char U+00F7 (decimal 247)
   defining Unicode char U+0192 (decimal 402)
   defining Unicode char U+02C7 (decimal 711)
   defining Unicode char U+02D8 (decimal 728)
   defining Unicode char U+02DD (decimal 733)
   defining Unicode char U+0E3F (decimal 3647)
   defining Unicode char U+2016 (decimal 8214)
   defining Unicode char U+2020 (decimal 8224)
   defining Unicode char U+2021 (decimal 8225)
   defining Unicode char U+2022 (decimal 8226)
   defining Unicode char U+2030 (decimal 8240)
   defining Unicode char U+2031 (decimal 8241)
   defining Unicode char U+203B (decimal 8251)
   defining Unicode char U+203D (decimal 8253)
   defining Unicode char U+2044 (decimal 8260)
   defining Unicode char U+204E (decimal 8270)
   defining Unicode char U+2052 (decimal 8274)
   defining Unicode char U+20A1 (decimal 8353)
   defining Unicode char U+20A4 (decimal 8356)
   defining Unicode char U+20A6 (decimal 8358)
   defining Unicode char U+20A9 (decimal 8361)
   defining Unicode char U+20AB (decimal 8363)
   defining Unicode char U+20AC (decimal 8364)
   defining Unicode char U+20B1 (decimal 8369)
   defining Unicode char U+2103 (decimal 8451)
   defining Unicode char U+2116 (decimal 8470)
   defining Unicode char U+2117 (decimal 8471)
   defining Unicode char U+211E (decimal 8478)
   defining Unicode char U+2120 (decimal 8480)
   defining Unicode char U+2122 (decimal 8482)
   defining Unicode char U+2126 (decimal 8486)
   defining Unicode char U+2127 (decimal 8487)
   defining Unicode char U+212E (decimal 8494)
   defining Unicode char U+2190 (decimal 8592)
   defining Unicode char U+2191 (decimal 8593)
   defining Unicode char U+2192 (decimal 8594)
   defining Unicode char U+2193 (decimal 8595)
   defining Unicode char U+2329 (decimal 9001)
   defining Unicode char U+232A (decimal 9002)
   defining Unicode char U+2422 (decimal 9250)
   defining Unicode char U+25E6 (decimal 9702)
   defining Unicode char U+25EF (decimal 9711)
   defining Unicode char U+266A (decimal 9834)
))
LaTeX Info: Redefining \oldstylenums on input line 334.
Package textcomp Info: Setting cmr sub-encoding to TS1/0 on input line 349.
Package textcomp Info: Setting cmss sub-encoding to TS1/0 on input line 350.
Package textcomp Info: Setting cmtt sub-encoding to TS1/0 on input line 351.
Package textcomp Info: Setting cmvtt sub-encoding to TS1/0 on input line 352.
Package textcomp Info: Setting cmbr sub-encoding to TS1/0 on input line 353.
Package textcomp Info: Setting cmtl sub-encoding to TS1/0 on input line 354.
Package textcomp Info: Setting ccr sub-encoding to TS1/0 on input line 355.
Package textcomp Info: Setting ptm sub-encoding to TS1/4 on input line 356.
Package textcomp Info: Setting pcr sub-encoding to TS1/4 on input line 357.
Package textcomp Info: Setting phv sub-encoding to TS1/4 on input line 358.
Package textcomp Info: Setting ppl sub-encoding to TS1/3 on input line 359.
Package textcomp Info: Setting pag sub-encoding to TS1/4 on input line 360.
Package textcomp Info: Setting pbk sub-encoding to TS1/4 on input line 361.
Package textcomp Info: Setting pnc sub-encoding to TS1/4 on input line 362.
Package textcomp Info: Setting pzc sub-encoding to TS1/4 on input line 363.
Package textcomp Info: Setting bch sub-encoding to TS1/4 on input line 364.
Package textcomp Info: Setting put sub-encoding to TS1/5 on input line 365.
Package textcomp Info: Setting uag sub-encoding to TS1/5 on input line 366.
Package textcomp Info: Setting ugq sub-encoding to TS1/5 on input line 367.
Package textcomp Info: Setting ul8 sub-encoding to TS1/4 on input line 368.
Package textcomp Info: Setting ul9 sub-encoding to TS1/4 on input line 369.
Package textcomp Info: Setting augie sub-encoding to TS1/5 on input line 370.
Package textcomp Info: Setting dayrom sub-encoding to TS1/3 on input line 371.
Package textcomp Info: Setting dayroms sub-encoding to TS1/3 on input line 372.

Package textcomp Info: Setting pxr sub-encoding to TS1/0 on input line 373.
Package textcomp Info: Setting pxss sub-encoding to TS1/0 on input line 374.
Package textcomp Info: Setting pxtt sub-encoding to TS1/0 on input line 375.
Package textcomp Info: Setting txr sub-encoding to TS1/0 on input line 376.
Package textcomp Info: Setting txss sub-encoding to TS1/0 on input line 377.
Package textcomp Info: Setting txtt sub-encoding to TS1/0 on input line 378.
Package textcomp Info: Setting lmr sub-encoding to TS1/0 on input line 379.
Package textcomp Info: Setting lmdh sub-encoding to TS1/0 on input line 380.
Package textcomp Info: Setting lmss sub-encoding to TS1/0 on input line 381.
Package textcomp Info: Setting lmssq sub-encoding to TS1/0 on input line 382.
Package textcomp Info: Setting lmvtt sub-encoding to TS1/0 on input line 383.
Package textcomp Info: Setting lmtt sub-encoding to TS1/0 on input line 384.
Package textcomp Info: Setting qhv sub-encoding to TS1/0 on input line 385.
Package textcomp Info: Setting qag sub-encoding to TS1/0 on input line 386.
Package textcomp Info: Setting qbk sub-encoding to TS1/0 on input line 387.
Package textcomp Info: Setting qcr sub-encoding to TS1/0 on input line 388.
Package textcomp Info: Setting qcs sub-encoding to TS1/0 on input line 389.
Package textcomp Info: Setting qpl sub-encoding to TS1/0 on input line 390.
Package textcomp Info: Setting qtm sub-encoding to TS1/0 on input line 391.
Package textcomp Info: Setting qzc sub-encoding to TS1/0 on input line 392.
Package textcomp Info: Setting qhvc sub-encoding to TS1/0 on input line 393.
Package textcomp Info: Setting futs sub-encoding to TS1/4 on input line 394.
Package textcomp Info: Setting futx sub-encoding to TS1/4 on input line 395.
Package textcomp Info: Setting futj sub-encoding to TS1/4 on input line 396.
Package textcomp Info: Setting hlh sub-encoding to TS1/3 on input line 397.
Package textcomp Info: Setting hls sub-encoding to TS1/3 on input line 398.
Package textcomp Info: Setting hlst sub-encoding to TS1/3 on input line 399.
Package textcomp Info: Setting hlct sub-encoding to TS1/5 on input line 400.
Package textcomp Info: Setting hlx sub-encoding to TS1/5 on input line 401.
Package textcomp Info: Setting hlce sub-encoding to TS1/5 on input line 402.
Package textcomp Info: Setting hlcn sub-encoding to TS1/5 on input line 403.
Package textcomp Info: Setting hlcw sub-encoding to TS1/5 on input line 404.
Package textcomp Info: Setting hlcf sub-encoding to TS1/5 on input line 405.
Package textcomp Info: Setting pplx sub-encoding to TS1/3 on input line 406.
Package textcomp Info: Setting pplj sub-encoding to TS1/3 on input line 407.
Package textcomp Info: Setting ptmx sub-encoding to TS1/4 on input line 408.
Package textcomp Info: Setting ptmj sub-encoding to TS1/4 on input line 409.
)
(/usr/local/texlive/2016/texmf-dist/tex/latex/titlesec/titlesec.sty
Package: titlesec 2016/03/21 v2.10.2 Sectioning titles
\ttl@box=\box32
\beforetitleunit=\skip66
\aftertitleunit=\skip67
\ttl@plus=\dimen119
\ttl@minus=\dimen120
\ttl@toksa=\toks23
\titlewidth=\dimen121
\titlewidthlast=\dimen122
\titlewidthfirst=\dimen123
)
(/usr/local/texlive/2016/texmf-dist/tex/latex/tabulary/tabulary.sty
Package: tabulary 2014/06/11 v0.10 tabulary package (DPC)

(/usr/local/texlive/2016/texmf-dist/tex/latex/tools/array.sty
Package: array 2014/10/28 v2.4c Tabular extension package (FMi)
\col@sep=\dimen124
\extrarowheight=\dimen125
\NC@list=\toks24
\extratabsurround=\skip68
\backup@length=\skip69
)
\TY@count=\count107
\TY@linewidth=\dimen126
\tymin=\dimen127
\tymax=\dimen128
\TY@tablewidth=\dimen129
)
(/usr/local/texlive/2016/texmf-dist/tex/latex/base/makeidx.sty
Package: makeidx 2014/09/29 v1.0m Standard LaTeX package
)
(/usr/local/texlive/2016/texmf-dist/tex/latex/framed/framed.sty
Package: framed 2011/10/22 v 0.96: framed or shaded text with page breaks
\OuterFrameSep=\skip70
\fb@frw=\dimen130
\fb@frh=\dimen131
\FrameRule=\dimen132
\FrameSep=\dimen133
)
(/usr/local/texlive/2016/texmf-dist/tex/latex/xcolor/xcolor.sty
Package: xcolor 2016/05/11 v2.12 LaTeX color extensions (UK)

(/usr/local/texlive/2016/texmf-dist/tex/latex/graphics-cfg/color.cfg
File: color.cfg 2016/01/02 v1.6 sample color configuration
)
Package xcolor Info: Driver file: pdftex.def on input line 225.
Package xcolor Info: Model `cmy' substituted by `cmy0' on input line 1348.
Package xcolor Info: Model `hsb' substituted by `rgb' on input line 1352.
Package xcolor Info: Model `RGB' extended on input line 1364.
Package xcolor Info: Model `HTML' substituted by `rgb' on input line 1366.
Package xcolor Info: Model `Hsb' substituted by `hsb' on input line 1367.
Package xcolor Info: Model `tHsb' substituted by `hsb' on input line 1368.
Package xcolor Info: Model `HSB' substituted by `hsb' on input line 1369.
Package xcolor Info: Model `Gray' substituted by `gray' on input line 1370.
Package xcolor Info: Model `wave' substituted by `hsb' on input line 1371.
)
(/usr/local/texlive/2016/texmf-dist/tex/latex/fancyvrb/fancyvrb.sty
Package: fancyvrb 2008/02/07

Style option: `fancyvrb' v2.7a, with DG/SPQR fixes, and firstline=lastline fix 
<2008/02/07> (tvz)
\FV@CodeLineNo=\count108
\FV@InFile=\read1
\FV@TabBox=\box33
\c@FancyVerbLine=\count109
\FV@StepNumber=\count110
\FV@OutFile=\write3
)
(/usr/local/texlive/2016/texmf-dist/tex/latex/threeparttable/threeparttable.sty
Package: threeparttable 2003/06/13  v 3.0
\@tempboxb=\box34
) (./footnotehyper-sphinx.sty
Package: footnotehyper-sphinx 2017/01/16 v1.5.2 hyperref aware footnote.sty for
 sphinx (JFB)

(/usr/local/texlive/2016/texmf-dist/tex/latex/mdwtools/footnote.sty
Package: footnote 1997/01/28 1.13 Save footnotes around boxes
\fn@notes=\box35
\fn@width=\dimen134
))
(/usr/local/texlive/2016/texmf-dist/tex/latex/float/float.sty
Package: float 2001/11/08 v1.3d Float enhancements (AL)
\c@float@type=\count111
\float@exts=\toks25
\float@box=\box36
\@float@everytoks=\toks26
\@floatcapt=\box37
)
(/usr/local/texlive/2016/texmf-dist/tex/latex/wrapfig/wrapfig.sty
\wrapoverhang=\dimen135
\WF@size=\dimen136
\c@WF@wrappedlines=\count112
\WF@box=\box38
\WF@everypar=\toks27
Package: wrapfig 2003/01/31  v 3.6
)
(/usr/local/texlive/2016/texmf-dist/tex/latex/parskip/parskip.sty
Package: parskip 2001/04/09 non-zero parskip adjustments
)
(/usr/local/texlive/2016/texmf-dist/tex/latex/base/alltt.sty
Package: alltt 1997/06/16 v2.0g defines alltt environment
)
(/usr/local/texlive/2016/texmf-dist/tex/latex/upquote/upquote.sty
Package: upquote 2012/04/19 v1.3 upright-quote and grave-accent glyphs in verba
tim
)
(/usr/local/texlive/2016/texmf-dist/tex/latex/capt-of/capt-of.sty
Package: capt-of 2009/12/29 v0.2 standard captions outside of floats
)
(./needspace.sty
Package: needspace 2010/09/12 v1.3d reserve vertical space
) (./sphinxhighlight.sty
Package: sphinxhighlight 2016/05/29 stylesheet for highlighting with pygments
)
(/usr/local/texlive/2016/texmf-dist/tex/latex/oberdiek/kvoptions.sty
Package: kvoptions 2016/05/16 v3.12 Key value format for package options (HO)

(/usr/local/texlive/2016/texmf-dist/tex/generic/oberdiek/kvsetkeys.sty
Package: kvsetkeys 2016/05/16 v1.17 Key value parser (HO)

(/usr/local/texlive/2016/texmf-dist/tex/generic/oberdiek/etexcmds.sty
Package: etexcmds 2016/05/16 v1.6 Avoid name clashes with e-TeX commands (HO)

(/usr/local/texlive/2016/texmf-dist/tex/generic/oberdiek/ifluatex.sty
Package: ifluatex 2016/05/16 v1.4 Provides the ifluatex switch (HO)
Package ifluatex Info: LuaTeX not detected.
)
Package etexcmds Info: Could not find \expanded.
(etexcmds)             That can mean that you are not using pdfTeX 1.50 or
(etexcmds)             that some package has redefined \expanded.
(etexcmds)             In the latter case, load this package earlier.
)))
\sphinxverbatimsep=\dimen137
\sphinxverbatimborder=\dimen138
\sphinxshadowsep=\dimen139
\sphinxshadowsize=\dimen140
\sphinxshadowrule=\dimen141
\spx@notice@border=\dimen142

(/usr/local/texlive/2016/texmf-dist/tex/generic/pdftex/pdfcolor.tex)
\spx@image@box=\box39
\c@literalblock=\count113
\spx@VerbatimTitleBox=\box40
\sphinxcontinuationbox=\box41
\sphinxvisiblespacebox=\box42
\py@argswidth=\skip71
\lineblockindentation=\skip72
\DUlineblockindent=\skip73

** (sphinx) defining (legacy) text style macros without \sphinx prefix
** if clashes with packages, set latex_keep_old_macro_names=False in conf.py
) (/usr/local/texlive/2016/texmf-dist/tex/latex/geometry/geometry.sty
Package: geometry 2010/09/12 v5.6 Page Geometry

(/usr/local/texlive/2016/texmf-dist/tex/generic/oberdiek/ifpdf.sty
Package: ifpdf 2016/05/14 v3.1 Provides the ifpdf switch
)
(/usr/local/texlive/2016/texmf-dist/tex/generic/oberdiek/ifvtex.sty
Package: ifvtex 2016/05/16 v1.6 Detect VTeX and its facilities (HO)
Package ifvtex Info: VTeX not detected.
)
(/usr/local/texlive/2016/texmf-dist/tex/generic/ifxetex/ifxetex.sty
Package: ifxetex 2010/09/12 v0.6 Provides ifxetex conditional
)
\Gm@cnth=\count114
\Gm@cntv=\count115
\c@Gm@tempcnt=\count116
\Gm@bindingoffset=\dimen143
\Gm@wd@mp=\dimen144
\Gm@odd@mp=\dimen145
\Gm@even@mp=\dimen146
\Gm@layoutwidth=\dimen147
\Gm@layoutheight=\dimen148
\Gm@layouthoffset=\dimen149
\Gm@layoutvoffset=\dimen150
\Gm@dimlist=\toks28
)
(/usr/local/texlive/2016/texmf-dist/tex/latex/multirow/multirow.sty
\bigstrutjot=\dimen151
)
(/usr/local/texlive/2016/texmf-dist/tex/latex/eqparbox/eqparbox.sty
Package: eqparbox 2013/03/15 v4.0 Create equal-widthed boxes
\eqp@tempdima=\skip74
\eqp@tempdimb=\skip75
\eqp@tabular@box=\box43
\eqp@list@box=\box44
\eqp@list@indent=\skip76

(/usr/local/texlive/2016/texmf-dist/tex/latex/environ/environ.sty
Package: environ 2014/05/04 v0.3 A new way to define environments

(/usr/local/texlive/2016/texmf-dist/tex/latex/trimspaces/trimspaces.sty
Package: trimspaces 2009/09/17 v1.1 Trim spaces around a token list
)))
(/usr/local/texlive/2016/texmf-dist/tex/latex/hyperref/hyperref.sty
Package: hyperref 2016/05/05 v6.83n Hypertext links for LaTeX

(/usr/local/texlive/2016/texmf-dist/tex/generic/oberdiek/hobsub-hyperref.sty
Package: hobsub-hyperref 2016/05/16 v1.14 Bundle oberdiek, subset hyperref (HO)


(/usr/local/texlive/2016/texmf-dist/tex/generic/oberdiek/hobsub-generic.sty
Package: hobsub-generic 2016/05/16 v1.14 Bundle oberdiek, subset generic (HO)
Package: hobsub 2016/05/16 v1.14 Construct package bundles (HO)
Package hobsub Info: Skipping package `infwarerr' (already loaded).
Package hobsub Info: Skipping package `ltxcmds' (already loaded).
Package hobsub Info: Skipping package `ifluatex' (already loaded).
Package hobsub Info: Skipping package `ifvtex' (already loaded).
Package: intcalc 2016/05/16 v1.2 Expandable calculations with integers (HO)
Package hobsub Info: Skipping package `ifpdf' (already loaded).
Package hobsub Info: Skipping package `etexcmds' (already loaded).
Package hobsub Info: Skipping package `kvsetkeys' (already loaded).
Package: kvdefinekeys 2016/05/16 v1.4 Define keys (HO)
Package: pdftexcmds 2016/05/10 v0.21 Utility functions of pdfTeX for LuaTeX (HO
)
Package pdftexcmds Info: LuaTeX not detected.
Package pdftexcmds Info: \pdf@primitive is available.
Package pdftexcmds Info: \pdf@ifprimitive is available.
Package pdftexcmds Info: \pdfdraftmode found.
Package: pdfescape 2016/05/16 v1.14 Implements pdfTeX's escape features (HO)
Package: bigintcalc 2016/05/16 v1.4 Expandable calculations on big integers (HO
)
Package: bitset 2016/05/16 v1.2 Handle bit-vector datatype (HO)
Package: uniquecounter 2016/05/16 v1.3 Provide unlimited unique counter (HO)
)
Package hobsub Info: Skipping package `hobsub' (already loaded).
Package: letltxmacro 2016/05/16 v1.5 Let assignment for LaTeX macros (HO)
Package: hopatch 2016/05/16 v1.3 Wrapper for package hooks (HO)
Package: xcolor-patch 2016/05/16 xcolor patch
Package: atveryend 2016/05/16 v1.9 Hooks at the very end of document (HO)
Package atveryend Info: \enddocument detected (standard20110627).
Package: atbegshi 2016/05/16 v1.17 At begin shipout hook (HO)
Package: refcount 2016/05/16 v3.5 Data extraction from label references (HO)
Package: hycolor 2016/05/16 v1.8 Color options for hyperref/bookmark (HO)
)
(/usr/local/texlive/2016/texmf-dist/tex/latex/oberdiek/auxhook.sty
Package: auxhook 2016/05/16 v1.4 Hooks for auxiliary files (HO)
)
\@linkdim=\dimen152
\Hy@linkcounter=\count117
\Hy@pagecounter=\count118

(/usr/local/texlive/2016/texmf-dist/tex/latex/hyperref/pd1enc.def
File: pd1enc.def 2016/05/05 v6.83n Hyperref: PDFDocEncoding definition (HO)
Now handling font encoding PD1 ...
... no UTF-8 mapping file for font encoding PD1
)
\Hy@SavedSpaceFactor=\count119

(/usr/local/texlive/2016/texmf-dist/tex/latex/latexconfig/hyperref.cfg
File: hyperref.cfg 2002/06/06 v1.2 hyperref configuration of TeXLive
)
Package hyperref Info: Option `unicode' set `true' on input line 4322.

(/usr/local/texlive/2016/texmf-dist/tex/latex/hyperref/puenc.def
File: puenc.def 2016/05/05 v6.83n Hyperref: PDF Unicode definition (HO)
Now handling font encoding PU ...
... no UTF-8 mapping file for font encoding PU
)
Package hyperref Info: Option `colorlinks' set `true' on input line 4322.
Package hyperref Info: Option `breaklinks' set `true' on input line 4322.
Package hyperref Info: Hyper figures OFF on input line 4446.
Package hyperref Info: Link nesting OFF on input line 4451.
Package hyperref Info: Hyper index ON on input line 4454.
Package hyperref Info: Plain pages OFF on input line 4461.
Package hyperref Info: Backreferencing OFF on input line 4466.
Package hyperref Info: Implicit mode ON; LaTeX internals redefined.
Package hyperref Info: Bookmarks ON on input line 4691.
\c@Hy@tempcnt=\count120

(/usr/local/texlive/2016/texmf-dist/tex/latex/url/url.sty
\Urlmuskip=\muskip11
Package: url 2013/09/16  ver 3.4  Verb mode for urls, etc.
)
LaTeX Info: Redefining \url on input line 5044.
\XeTeXLinkMargin=\dimen153
\Fld@menulength=\count121
\Field@Width=\dimen154
\Fld@charsize=\dimen155
Package hyperref Info: Hyper figures OFF on input line 6298.
Package hyperref Info: Link nesting OFF on input line 6303.
Package hyperref Info: Hyper index ON on input line 6306.
Package hyperref Info: backreferencing OFF on input line 6313.
Package hyperref Info: Link coloring ON on input line 6316.
Package hyperref Info: Link coloring with OCG OFF on input line 6323.
Package hyperref Info: PDF/A mode OFF on input line 6328.
LaTeX Info: Redefining \ref on input line 6368.
LaTeX Info: Redefining \pageref on input line 6372.
\Hy@abspage=\count122
\c@Item=\count123
\c@Hfootnote=\count124
)

Package hyperref Message: Driver (autodetected): hpdftex.

(/usr/local/texlive/2016/texmf-dist/tex/latex/hyperref/hpdftex.def
File: hpdftex.def 2016/05/05 v6.83n Hyperref driver for pdfTeX
\Fld@listcount=\count125
\c@bookmark@seq@number=\count126

(/usr/local/texlive/2016/texmf-dist/tex/latex/oberdiek/rerunfilecheck.sty
Package: rerunfilecheck 2016/05/16 v1.8 Rerun checks for auxiliary files (HO)
Package uniquecounter Info: New unique counter `rerunfilecheck' on input line 2
82.
)
\Hy@SectionHShift=\skip77
)
(/usr/local/texlive/2016/texmf-dist/tex/latex/oberdiek/hypcap.sty
Package: hypcap 2016/05/16 v1.12 Adjusting the anchors of captions (HO)
)
\@indexfile=\write4
\openout4 = `GestorDocumental.idx'.


Writing index file GestorDocumental.idx
(./GestorDocumental.aux)
\openout1 = `GestorDocumental.aux'.

LaTeX Font Info:    Checking defaults for OML/cmm/m/it on input line 52.
LaTeX Font Info:    ... okay on input line 52.
LaTeX Font Info:    Checking defaults for T1/cmr/m/n on input line 52.
LaTeX Font Info:    ... okay on input line 52.
LaTeX Font Info:    Checking defaults for OT1/cmr/m/n on input line 52.
LaTeX Font Info:    ... okay on input line 52.
LaTeX Font Info:    Checking defaults for OMS/cmsy/m/n on input line 52.
LaTeX Font Info:    ... okay on input line 52.
LaTeX Font Info:    Checking defaults for OMX/cmex/m/n on input line 52.
LaTeX Font Info:    ... okay on input line 52.
LaTeX Font Info:    Checking defaults for U/cmr/m/n on input line 52.
LaTeX Font Info:    ... okay on input line 52.
LaTeX Font Info:    Checking defaults for TS1/cmr/m/n on input line 52.
LaTeX Font Info:    Try loading font information for TS1+cmr on input line 52.

(/usr/local/texlive/2016/texmf-dist/tex/latex/base/ts1cmr.fd
File: ts1cmr.fd 2014/09/29 v2.5h Standard LaTeX font definitions
)
LaTeX Font Info:    ... okay on input line 52.
LaTeX Font Info:    Checking defaults for PD1/pdf/m/n on input line 52.
LaTeX Font Info:    ... okay on input line 52.
LaTeX Font Info:    Checking defaults for PU/pdf/m/n on input line 52.
LaTeX Font Info:    ... okay on input line 52.
LaTeX Font Info:    Try loading font information for T1+ptm on input line 52.

(/usr/local/texlive/2016/texmf-dist/tex/latex/psnfss/t1ptm.fd
File: t1ptm.fd 2001/06/04 font definitions for T1/ptm.
)
LaTeX Info: Redefining \l on input line 52.
LaTeX Info: Redefining \L on input line 52.

(/usr/local/texlive/2016/texmf-dist/tex/context/base/mkii/supp-pdf.mkii
[Loading MPS to PDF converter (version 2006.09.02).]
\scratchcounter=\count127
\scratchdimen=\dimen156
\scratchbox=\box45
\nofMPsegments=\count128
\nofMParguments=\count129
\everyMPshowfont=\toks29
\MPscratchCnt=\count130
\MPscratchDim=\dimen157
\MPnumerator=\count131
\makeMPintoPDFobject=\count132
\everyMPtoPDFconversion=\toks30
) (/usr/local/texlive/2016/texmf-dist/tex/latex/oberdiek/epstopdf-base.sty
Package: epstopdf-base 2016/05/15 v2.6 Base part for package epstopdf

(/usr/local/texlive/2016/texmf-dist/tex/latex/oberdiek/grfext.sty
Package: grfext 2016/05/16 v1.2 Manage graphics extensions (HO)
)
Package grfext Info: Graphics extension search list:
(grfext)             [.png,.pdf,.jpg,.mps,.jpeg,.jbig2,.jb2,.PNG,.PDF,.JPG,.JPE
G,.JBIG2,.JB2,.eps]
(grfext)             \AppendGraphicsExtensions on input line 456.

(/usr/local/texlive/2016/texmf-dist/tex/latex/latexconfig/epstopdf-sys.cfg
File: epstopdf-sys.cfg 2010/07/13 v1.3 Configuration of (r)epstopdf for TeX Liv
e
))
*geometry* driver: auto-detecting
*geometry* detected driver: pdftex
*geometry* verbose mode - [ preamble ] result:
* driver: pdftex
* paper: letterpaper
* layout: <same size as paper>
* layoutoffset:(h,v)=(0.0pt,0.0pt)
* modes: twoside 
* h-part:(L,W,R)=(72.26999pt, 469.75502pt, 72.26999pt)
* v-part:(T,H,B)=(72.26999pt, 650.43001pt, 72.26999pt)
* \paperwidth=614.295pt
* \paperheight=794.96999pt
* \textwidth=469.75502pt
* \textheight=650.43001pt
* \oddsidemargin=0.0pt
* \evensidemargin=0.0pt
* \topmargin=-37.0pt
* \headheight=12.0pt
* \headsep=25.0pt
* \topskip=11.0pt
* \footskip=30.0pt
* \marginparwidth=36.135pt
* \marginparsep=10.0pt
* \columnsep=10.0pt
* \skip\footins=10.0pt plus 4.0pt minus 2.0pt
* \hoffset=0.0pt
* \voffset=0.0pt
* \mag=1000
* \@twocolumnfalse
* \@twosidetrue
* \@mparswitchtrue
* \@reversemarginfalse
* (1in=72.27pt=25.4mm, 1cm=28.453pt)

\AtBeginShipoutBox=\box46
Package hyperref Info: Link coloring ON on input line 52.
(/usr/local/texlive/2016/texmf-dist/tex/latex/hyperref/nameref.sty
Package: nameref 2012/10/27 v2.43 Cross-referencing by name of section

(/usr/local/texlive/2016/texmf-dist/tex/generic/oberdiek/gettitlestring.sty
Package: gettitlestring 2016/05/16 v1.5 Cleanup title references (HO)
)
\c@section@level=\count133
)
LaTeX Info: Redefining \ref on input line 52.
LaTeX Info: Redefining \pageref on input line 52.
LaTeX Info: Redefining \nameref on input line 52.

(./GestorDocumental.out) (./GestorDocumental.out)
\@outlinefile=\write5
\openout5 = `GestorDocumental.out'.

Package hyperref Info: Option `pageanchor' set `false' on input line 55.
LaTeX Font Info:    Try loading font information for T1+phv on input line 55.

(/usr/local/texlive/2016/texmf-dist/tex/latex/psnfss/t1phv.fd
File: t1phv.fd 2001/06/04 scalable font definitions for T1/phv.
)
LaTeX Font Info:    Font shape `T1/phv/bx/n' in size <10.95> not available
(Font)              Font shape `T1/phv/b/n' tried instead on input line 55.
LaTeX Font Info:    Font shape `T1/phv/bx/n' in size <24.88> not available
(Font)              Font shape `T1/phv/b/n' tried instead on input line 55.
LaTeX Font Info:    Font shape `T1/phv/bx/it' in size <10.95> not available
(Font)              Font shape `T1/phv/b/it' tried instead on input line 55.
LaTeX Font Info:    Font shape `T1/phv/b/it' in size <10.95> not available
(Font)              Font shape `T1/phv/b/sl' tried instead on input line 55.
LaTeX Font Info:    Font shape `T1/phv/bx/it' in size <17.28> not available
(Font)              Font shape `T1/phv/b/it' tried instead on input line 55.
LaTeX Font Info:    Font shape `T1/phv/b/it' in size <17.28> not available
(Font)              Font shape `T1/phv/b/sl' tried instead on input line 55.
LaTeX Font Info:    Font shape `T1/phv/bx/n' in size <17.28> not available
(Font)              Font shape `T1/phv/b/n' tried instead on input line 55.
<<ot1.cmap>><<oml.cmap>><<oms.cmap>><<omx.cmap>>
LaTeX Font Info:    Try loading font information for U+msa on input line 55.

(/usr/local/texlive/2016/texmf-dist/tex/latex/amsfonts/umsa.fd
File: umsa.fd 2013/01/14 v3.01 AMS symbols A
)
LaTeX Font Info:    Try loading font information for U+msb on input line 55.

(/usr/local/texlive/2016/texmf-dist/tex/latex/amsfonts/umsb.fd
File: umsb.fd 2013/01/14 v3.01 AMS symbols B
)
LaTeX Font Info:    Font shape `T1/phv/bx/n' in size <12> not available
(Font)              Font shape `T1/phv/b/n' tried instead on input line 55.
 [1

{/usr/local/texlive/2016/texmf-var/fonts/map/pdftex/updmap/pdftex.map}] [2

]
(./GestorDocumental.toc
LaTeX Font Info:    Font shape `T1/ptm/bx/n' in size <10.95> not available
(Font)              Font shape `T1/ptm/b/n' tried instead on input line 2.
 [1

]
LaTeX Font Info:    Try loading font information for TS1+ptm on input line 99.

(/usr/local/texlive/2016/texmf-dist/tex/latex/psnfss/ts1ptm.fd
File: ts1ptm.fd 2001/06/04 font definitions for TS1/ptm.
) [2])
\tf@toc=\write6
\openout6 = `GestorDocumental.toc'.

 [3]
[4

]
Cap\'{\i }tol 1.
LaTeX Font Info:    Font shape `T1/phv/bx/n' in size <14.4> not available
(Font)              Font shape `T1/phv/b/n' tried instead on input line 63.
[1

]
<graphviz-730df8cc302261870b3aa4a08e51901844830eb1.pdf, id=472, 505.89pt x 105.
39375pt>
LaTeX Font Info:    Try loading font information for T1+pcr on input line 128.
 (/usr/local/texlive/2016/texmf-dist/tex/latex/psnfss/t1pcr.fd
File: t1pcr.fd 2001/06/04 font definitions for T1/pcr.
)
File: graphviz-730df8cc302261870b3aa4a08e51901844830eb1.pdf Graphic file (type 
pdf)

<use graphviz-730df8cc302261870b3aa4a08e51901844830eb1.pdf>
Package pdftex.def Info: graphviz-730df8cc302261870b3aa4a08e51901844830eb1.pdf 
used on input line 128.
(pdftex.def)             Requested size: 469.75502pt x 97.8672pt.

<graphviz-c379de371ff5e28e2a5a8c8e959c158df1237304.pdf, id=473, 393.47pt x 116.
435pt>
File: graphviz-c379de371ff5e28e2a5a8c8e959c158df1237304.pdf Graphic file (type 
pdf)
 <use graphviz-c379de371ff5e28e2a5a8c8e959c158df1237304.pdf>
Package pdftex.def Info: graphviz-c379de371ff5e28e2a5a8c8e959c158df1237304.pdf 
used on input line 132.
(pdftex.def)             Requested size: 393.46902pt x 116.43471pt.


Package Fancyhdr Warning: \headheight is too small (12.0pt): 
 Make it at least 13.59999pt.
 We now make it that large for the rest of the document.
 This may cause the page layout to be inconsistent, however.

[2 <./graphviz-730df8cc302261870b3aa4a08e51901844830eb1.pdf> <./graphviz-c379de
371ff5e28e2a5a8c8e959c158df1237304.pdf>] [3] [4] [5]
<bricks_software.png, id=520, 563.0588pt x 643.95805pt>
File: bricks_software.png Graphic file (type png)

<use bricks_software.png>
Package pdftex.def Info: bricks_software.png used on input line 322.
(pdftex.def)             Requested size: 84.45517pt x 96.58954pt.
 [6 <./bricks_software.png>] [7] [8

]
Cap\'{\i }tol 2.
[9] [10]
Cap\'{\i }tol 3.
<es_example.jpg, id=551, 602.25pt x 451.6875pt>
File: es_example.jpg Graphic file (type jpg)
 <use es_example.jpg>
Package pdftex.def Info: es_example.jpg used on input line 486.
(pdftex.def)             Requested size: 355.32442pt x 266.4933pt.
 [11

]
[12 <./es_example.jpg>] <labels.png, id=560, 201.75375pt x 430.60875pt>
File: labels.png Graphic file (type png)

<use labels.png>
Package pdftex.def Info: labels.png used on input line 570.
(pdftex.def)             Requested size: 100.87662pt x 215.30383pt.
 [13 <./labels.png>]
<iterations.png, id=568, 1330.9725pt x 584.1825pt>
File: iterations.png Graphic file (type png)
 <use iterations.png>
Package pdftex.def Info: iterations.png used on input line 582.
(pdftex.def)             Requested size: 665.48462pt x 292.09053pt.

[14 <./iterations.png>]
Cap\'{\i }tol 4.
[15

] [16] <cronograma.png, id=586, 849.1725pt x 1373.13pt>
File: cronograma.png Graphic file (type png)

<use cronograma.png>
Package pdftex.def Info: cronograma.png used on input line 820.
(pdftex.def)             Requested size: 382.1241pt x 617.9028pt.
 [17] [18 <./cronograma.png>] [19] [20] [21] [22] [23]
<freq_desenv_1.png, id=624, 523.9575pt x 148.555pt>
File: freq_desenv_1.png Graphic file (type png)
 <use freq_desenv_1.png>
Package pdftex.def Info: freq_desenv_1.png used on input line 1242.
(pdftex.def)             Requested size: 469.75502pt x 133.19049pt.

<freq_desenv_2.png, id=625, 1017.8025pt x 331.73938pt>
File: freq_desenv_2.png Graphic file (type png)
 <use freq_desenv_2.png>
Package pdftex.def Info: freq_desenv_2.png used on input line 1244.
(pdftex.def)             Requested size: 469.75502pt x 153.1132pt.

[24 <./freq_desenv_1.png (PNG copy)> <./freq_desenv_2.png>]
Cap\'{\i }tol 5.
[25

] [26] <tips_diagram.png, id=641, 525.965pt x 483.8075pt>
File: tips_diagram.png Graphic file (type png)

<use tips_diagram.png>
Package pdftex.def Info: tips_diagram.png used on input line 1407.
(pdftex.def)             Requested size: 368.17297pt x 338.66293pt.
 [27] [28 <./tips_diagram.png>] [29] [30]
Cap\'{\i }tol 6.
[31

] [32] [33] [34] <sentry.png, id=694, 1341.01pt x 795.97375pt>
File: sentry.png Graphic file (type png)

<use sentry.png>
Package pdftex.def Info: sentry.png used on input line 1776.
(pdftex.def)             Requested size: 442.53467pt x 262.67215pt.
 [35] <sentry_fallades.png, id=702, 1172.38pt x 799.98875pt>
File: sentry_fallades.png Graphic file (type png)

<use sentry_fallades.png>
Package pdftex.def Info: sentry_fallades.png used on input line 1787.
(pdftex.def)             Requested size: 386.8866pt x 263.9971pt.
 [36 <./sentry.png> <./sentry_fallades.png>] [37]
[38

]
Cap\'{\i }tol 7.
[39] [40] <twain2.1_specs.png, id=729, 593.21625pt x 289.08pt>
File: twain2.1_specs.png Graphic file (type png)

<use twain2.1_specs.png>
Package pdftex.def Info: twain2.1_specs.png used on input line 1998.
(pdftex.def)             Requested size: 469.75502pt x 228.92647pt.
 [41]
<graphviz-8ae89fd08ac2fd1f7bd8986e95108909e98b122b.pdf, id=737, 185.69376pt x 2
60.975pt>
File: graphviz-8ae89fd08ac2fd1f7bd8986e95108909e98b122b.pdf Graphic file (type 
pdf)
 <use graphviz-8ae89fd08ac2fd1f7bd8986e95108909e98b122b.pdf>
Package pdftex.def Info: graphviz-8ae89fd08ac2fd1f7bd8986e95108909e98b122b.pdf 
used on input line 2008.
(pdftex.def)             Requested size: 185.6933pt x 260.97437pt.
 [42 <./twain2.1_specs.png> <./graphviz-8ae89fd08ac2fd1f7bd8986e95108909e98b122
b.pdf>]
<twain_layers.png, id=758, 398.48875pt x 334.24875pt>
File: twain_layers.png Graphic file (type png)
 <use twain_layers.png>
Package pdftex.def Info: twain_layers.png used on input line 2028.
(pdftex.def)             Requested size: 398.48778pt x 334.24792pt.

[43 <./twain_layers.png>]
<twain_userinterface.png, id=769, 483.8075pt x 365.365pt>
File: twain_userinterface.png Graphic file (type png)

<use twain_userinterface.png>
Package pdftex.def Info: twain_userinterface.png used on input line 2082.
(pdftex.def)             Requested size: 469.75502pt x 354.76599pt.
 [44 <./twain_userinterface.png>]
LaTeX Font Info:    Font shape `T1/pcr/bx/n' in size <10> not available
(Font)              Font shape `T1/pcr/b/n' tried instead on input line 2095.
 [45] [46]
[47] [48] [49] <zmq.png, id=807, 472.01344pt x 279.29344pt>
File: zmq.png Graphic file (type png)
 <use zmq.png>
Package pdftex.def Info: zmq.png used on input line 2441.
(pdftex.def)             Requested size: 330.40715pt x 195.50407pt.

[50 <./zmq.png>]
LaTeX Font Info:    Try loading font information for TS1+pcr on input line 2468
.
 (/usr/local/texlive/2016/texmf-dist/tex/latex/psnfss/ts1pcr.fd
File: ts1pcr.fd 2001/06/04 font definitions for TS1/pcr.
)
LaTeX Font Info:    Font shape `T1/pcr/m/it' in size <10> not available
(Font)              Font shape `T1/pcr/m/sl' tried instead on input line 2473.
 [51]
LaTeX Font Info:    Font shape `TS1/pcr/m/it' in size <10> not available
(Font)              Font shape `TS1/pcr/m/sl' tried instead on input line 2540.

 [52]
LaTeX Font Info:    Font shape `TS1/ptm/bx/n' in size <10.95> not available
(Font)              Font shape `TS1/ptm/b/n' tried instead on input line 2611.
 [53] [54]
<diagrama_funcionament.png, id=833, 645.41125pt x 604.2575pt>
File: diagrama_funcionament.png Graphic file (type png)

<use diagrama_funcionament.png>
Package pdftex.def Info: diagrama_funcionament.png used on input line 2703.
(pdftex.def)             Requested size: 451.7848pt x 422.97737pt.
 [55 <./diagrama_funcionament.png>] [56

]
Cap\'{\i }tol 8.
[57] [58] [59] [60] <diagrama_casos_dus.png, id=861, 750.805pt x 906.38625pt>
File: diagrama_casos_dus.png Graphic file (type png)

<use diagrama_casos_dus.png>
Package pdftex.def Info: diagrama_casos_dus.png used on input line 2986.
(pdftex.def)             Requested size: 469.75502pt x 567.11238pt.
 [61] [62 <./diagrama_casos_dus.png>]
<diagrama_classes_basic.png, id=872, 1069.9975pt x 787.94376pt>
File: diagrama_classes_basic.png Graphic file (type png)

<use diagrama_classes_basic.png>
Package pdftex.def Info: diagrama_classes_basic.png used on input line 2994.
(pdftex.def)             Requested size: 962.98886pt x 709.14284pt.

<diagrama_classes.png, id=873, 1157.32375pt x 973.6375pt>
File: diagrama_classes.png Graphic file (type png)

<use diagrama_classes.png>
Package pdftex.def Info: diagrama_classes.png used on input line 3012.
(pdftex.def)             Requested size: 469.75502pt x 395.19756pt.
 [63 <./diagrama_classes_basic.png>] [64 <./diagrama_classes.png>]
<diagrama_sequencia_llistar_escaners.png, id=884, 563.10374pt x 1521.685pt>
File: diagrama_sequencia_llistar_escaners.png Graphic file (type png)

<use diagrama_sequencia_llistar_escaners.png>
Package pdftex.def Info: diagrama_sequencia_llistar_escaners.png used on input 
line 3030.
(pdftex.def)             Requested size: 197.08926pt x 532.59773pt.
 [65 <./diagrama_sequencia_llistar_escaners.png>]
<diagrama_sequencia_request.png, id=890, 261.97874pt x 1535.7375pt>
File: diagrama_sequencia_request.png Graphic file (type png)

<use diagrama_sequencia_request.png>
Package pdftex.def Info: diagrama_sequencia_request.png used on input line 3046
.
(pdftex.def)             Requested size: 91.69392pt x 537.51619pt.
 [66 <./diagrama_sequencia_request.png>]
<diagrama_sequencia_crear_perfil.png, id=896, 1075.01625pt x 2143.00626pt>
File: diagrama_sequencia_crear_perfil.png Graphic file (type png)

<use diagrama_sequencia_crear_perfil.png>
Package pdftex.def Info: diagrama_sequencia_crear_perfil.png used on input line
 3053.
(pdftex.def)             Requested size: 268.7534pt x 535.75026pt.
 [67 <./diagrama_sequencia_crear_perfil.png>]
<diagrama_sequencia_obtenir_document.png, id=903, 594.22pt x 1308.89pt>
File: diagrama_sequencia_obtenir_document.png Graphic file (type png)

<use diagrama_sequencia_obtenir_document.png>
Package pdftex.def Info: diagrama_sequencia_obtenir_document.png used on input 
line 3060.
(pdftex.def)             Requested size: 255.50961pt x 562.81174pt.
 [68 <./diagrama_sequencia_obtenir_document.png>] <grasp_decorator_gui.png, id=
909, 700.6175pt x 469.755pt>
File: grasp_decorator_gui.png Graphic file (type png)

<use grasp_decorator_gui.png>
Package pdftex.def Info: grasp_decorator_gui.png used on input line 3079.
(pdftex.def)             Requested size: 350.30789pt x 234.87692pt.

<grasp_creator_gui.png, id=910, 651.43375pt x 464.73625pt>
File: grasp_creator_gui.png Graphic file (type png)

<use grasp_creator_gui.png>
Package pdftex.def Info: grasp_creator_gui.png used on input line 3086.
(pdftex.def)             Requested size: 293.14247pt x 209.12938pt.
 [69 <./grasp_decorator_gui.png>]
<modelat_dades.png, id=918, 693.59125pt x 617.30624pt>
File: modelat_dades.png Graphic file (type png)
 <use modelat_dades.png>
Package pdftex.def Info: modelat_dades.png used on input line 3095.
(pdftex.def)             Requested size: 277.43158pt x 246.91812pt.

[70 <./grasp_creator_gui.png> <./modelat_dades.png>] [71] [72

]
Cap\'{\i }tol 9.
[73] [74] [75] [76]
LaTeX Font Info:    Try loading font information for TS1+phv on input line 3323
.

(/usr/local/texlive/2016/texmf-dist/tex/latex/psnfss/ts1phv.fd
File: ts1phv.fd 2001/06/04 scalable font definitions for TS1/phv.
)
LaTeX Font Info:    Font shape `TS1/phv/bx/n' in size <14.4> not available
(Font)              Font shape `TS1/phv/b/n' tried instead on input line 3323.
LaTeX Font Info:    Font shape `TS1/phv/bx/n' in size <10.95> not available
(Font)              Font shape `TS1/phv/b/n' tried instead on input line 3370.
 [77] [78]
[79] [80]
Cap\'{\i }tol 10.
[81

] [82] <qtdesigner.png, id=982, 1444.64719pt x 684.30656pt>
File: qtdesigner.png Graphic file (type png)

<use qtdesigner.png>
Package pdftex.def Info: qtdesigner.png used on input line 3587.
(pdftex.def)             Requested size: 577.84865pt x 273.71777pt.
 [83 <./qtdesigner.png>] [84]
<gui_scannerapp.png, id=995, 632.3625pt x 596.2275pt>
File: gui_scannerapp.png Graphic file (type png)
 <use gui_scannerapp.png>
Package pdftex.def Info: gui_scannerapp.png used on input line 3695.
(pdftex.def)             Requested size: 469.75502pt x 442.9209pt.

[85] [86 <./gui_scannerapp.png>] [87] [88]
Overfull \vbox (1.17001pt too high) detected at line 3910
 []

[89] [90] <preferences.png, id=1025, 353.82187pt x 405.76593pt>
File: preferences.png Graphic file (type png)

<use preferences.png>
Package pdftex.def Info: preferences.png used on input line 3942.
(pdftex.def)             Requested size: 353.821pt x 405.76494pt.
 [91 <./preferences.png>] [92] [93] [94] [95]
Underfull \vbox (badness 10000) detected at line 4277
 []


Underfull \vbox (badness 10000) detected at line 4277
 []

[96] [97] <comunicacio_processos.png, id=1059, 663.47874pt x 302.12875pt>
File: comunicacio_processos.png Graphic file (type png)

<use comunicacio_processos.png>
Package pdftex.def Info: comunicacio_processos.png used on input line 4287.
(pdftex.def)             Requested size: 331.73856pt x 151.064pt.
 [98 <./comunicacio_processos.png>]
Overfull \vbox (2.56999pt too high) detected at line 4378
 []

[99] <systray_info.png, id=1069, 332.74312pt x 162.6075pt>
File: systray_info.png Graphic file (type png)

<use systray_info.png>
Package pdftex.def Info: systray_info.png used on input line 4395.
(pdftex.def)             Requested size: 166.37114pt x 81.30354pt.
 <systray.png, id=1070, 213.79875pt x 115.93312pt>
File: systray.png Graphic file (type png)

<use systray.png>
Package pdftex.def Info: systray.png used on input line 4403.
(pdftex.def)             Requested size: 171.03922pt x 92.74661pt.
 [100 <./systray_info.png (PNG copy)> <./systray.png (PNG copy)>] [101] [102] [
103] [104] [105] [106] [107] [108]
Overfull \vbox (2.24016pt too high) detected at line 4959
 []

[109] [110] [111] [112]
<first_diagram.png, id=1134, 454.69875pt x 302.12875pt>
File: first_diagram.png Graphic file (type png)

<use first_diagram.png>
Package pdftex.def Info: first_diagram.png used on input line 5116.
(pdftex.def)             Requested size: 227.34882pt x 151.064pt.
 <install.png, id=1135, 1010.27437pt x 450.18187pt>
File: install.png Graphic file (type png)

<use install.png>
Package pdftex.def Info: install.png used on input line 5136.
(pdftex.def)             Requested size: 505.13594pt x 225.09038pt.
 [113 <./first_diagram.png>]
<installing.png, id=1141, 372.64218pt x 321.45094pt>
File: installing.png Graphic file (type png)
 <use installing.png>
Package pdftex.def Info: installing.png used on input line 5140.
(pdftex.def)             Requested size: 186.32063pt x 160.72507pt.

<installed.png, id=1142, 712.16063pt x 427.5975pt>
File: installed.png Graphic file (type png)
 <use installed.png>
Package pdftex.def Info: installed.png used on input line 5147.
(pdftex.def)             Requested size: 356.07944pt x 213.79822pt.
 [114 <./install.png> <./installing.png>]
<erp_scannerapp.png, id=1148, 1336.995pt x 615.0478pt>
File: erp_scannerapp.png Graphic file (type png)

<use erp_scannerapp.png>
Package pdftex.def Info: erp_scannerapp.png used on input line 5165.
(pdftex.def)             Requested size: 668.49586pt x 307.52315pt.
 [115 <./installed.png> <./erp_scannerapp.png>]
<no_resource.png, id=1155, 700.86844pt x 618.05907pt>
File: no_resource.png Graphic file (type png)
 <use no_resource.png>
Package pdftex.def Info: no_resource.png used on input line 5170.
(pdftex.def)             Requested size: 210.26215pt x 185.41914pt.

<preferences_default.png, id=1156, 634.62094pt x 601.4972pt>
File: preferences_default.png Graphic file (type png)

<use preferences_default.png>
Package pdftex.def Info: preferences_default.png used on input line 5182.
(pdftex.def)             Requested size: 285.57678pt x 270.67123pt.
 [116 <./no_resource.png> <./preferences_default.png>] <preferences_scannerapp.
png, id=1163, 633.11531pt x 599.99156pt>
File: preferences_scannerapp.png Graphic file (type png)

<use preferences_scannerapp.png>
Package pdftex.def Info: preferences_scannerapp.png used on input line 5216.
(pdftex.def)             Requested size: 284.89925pt x 269.9937pt.

<preferences_path.png, id=1164, 860.46469pt x 602.25pt>
File: preferences_path.png Graphic file (type png)

<use preferences_path.png>
Package pdftex.def Info: preferences_path.png used on input line 5228.
(pdftex.def)             Requested size: 387.20554pt x 271.01pt.
 [117 <./preferences_scannerapp.png>]
<bd_preferences.png, id=1170, 594.72188pt x 280.79906pt>
File: bd_preferences.png Graphic file (type png)

<use bd_preferences.png>
Package pdftex.def Info: bd_preferences.png used on input line 5236.
(pdftex.def)             Requested size: 267.62238pt x 126.3584pt.
 [118 <./preferences_path.png> <./bd_preferences.png>]
<select_source_only.png, id=1177, 278.54062pt x 149.8097pt>
File: select_source_only.png Graphic file (type png)

<use select_source_only.png>
Package pdftex.def Info: select_source_only.png used on input line 5255.
(pdftex.def)             Requested size: 139.26996pt x 74.90465pt.

<scan_native_process.png, id=1178, 777.65532pt x 609.02531pt>
File: scan_native_process.png Graphic file (type png)

<use scan_native_process.png>
Package pdftex.def Info: scan_native_process.png used on input line 5268.
(pdftex.def)             Requested size: 388.8267pt x 304.5119pt.
 <scaned.png, id=1179, 630.85687pt x 596.2275pt>
File: scaned.png Graphic file (type png)

<use scaned.png>
Package pdftex.def Info: scaned.png used on input line 5273.
(pdftex.def)             Requested size: 252.33827pt x 238.48677pt.
 [119 <./select_source_only.png> <./scan_native_process.png>]
<scan_process.png, id=1185, 630.85687pt x 596.2275pt>
File: scan_process.png Graphic file (type png)
 <use scan_process.png>
Package pdftex.def Info: scan_process.png used on input line 5284.
(pdftex.def)             Requested size: 252.33827pt x 238.48677pt.
File: select_source_only.png Graphic file (type png)

<use select_source_only.png>
Package pdftex.def Info: select_source_only.png used on input line 5289.
(pdftex.def)             Requested size: 111.41426pt x 59.9228pt.
 [120 <./scaned.png> <./scan_process.png>]
<scaned_pdf.png, id=1191, 632.3625pt x 596.2275pt>
File: scaned_pdf.png Graphic file (type png)
 <use scaned_pdf.png>
Package pdftex.def Info: scaned_pdf.png used on input line 5294.
(pdftex.def)             Requested size: 252.94052pt x 238.48677pt.

<preview.png, id=1192, 630.85687pt x 596.2275pt>
File: preview.png Graphic file (type png)
 <use preview.png>
Package pdftex.def Info: preview.png used on input line 5307.
(pdftex.def)             Requested size: 252.33827pt x 238.48677pt.
 [121 <./scaned_pdf.png (PNG copy)>] <open_file.png, id=1198, 1036.62282pt x 64
2.90187pt>
File: open_file.png Graphic file (type png)

<use open_file.png>
Package pdftex.def Info: open_file.png used on input line 5315.
(pdftex.def)             Requested size: 310.98924pt x 192.87204pt.
 <name_change.png, id=1199, 630.85687pt x 596.2275pt>
File: name_change.png Graphic file (type png)

<use name_change.png>
Package pdftex.def Info: name_change.png used on input line 5320.
(pdftex.def)             Requested size: 252.33827pt x 238.48677pt.
 [122 <./preview.png> <./open_file.png>]
<name_changed.png, id=1205, 630.85687pt x 596.2275pt>
File: name_changed.png Graphic file (type png)
 <use name_changed.png>
Package pdftex.def Info: name_changed.png used on input line 5325.
(pdftex.def)             Requested size: 252.33827pt x 238.48677pt.

<pdf_preview.png, id=1206, 630.85687pt x 596.2275pt>
File: pdf_preview.png Graphic file (type png)
 <use pdf_preview.png>
Package pdftex.def Info: pdf_preview.png used on input line 5332.
(pdftex.def)             Requested size: 252.33827pt x 238.48677pt.

[123 <./name_change.png> <./name_changed.png>]
<pdf_preview_multi.png, id=1211, 630.85687pt x 596.2275pt>
File: pdf_preview_multi.png Graphic file (type png)

<use pdf_preview_multi.png>
Package pdftex.def Info: pdf_preview_multi.png used on input line 5337.
(pdftex.def)             Requested size: 252.33827pt x 238.48677pt.
 [124 <./pdf_preview.png> <./pdf_preview_multi.png>] <open_file_main.png, id=12
16, 721.19438pt x 599.23875pt>
File: open_file_main.png Graphic file (type png)

<use open_file_main.png>
Package pdftex.def Info: open_file_main.png used on input line 5365.
(pdftex.def)             Requested size: 288.47264pt x 239.69125pt.
 <delete_docs.png, id=1217, 635.37375pt x 600.74437pt>
File: delete_docs.png Graphic file (type png)

<use delete_docs.png>
Package pdftex.def Info: delete_docs.png used on input line 5376.
(pdftex.def)             Requested size: 254.14499pt x 240.29349pt.
 [125 <./open_file_main.png>]
<deleted.png, id=1223, 630.85687pt x 596.2275pt>
File: deleted.png Graphic file (type png)
 <use deleted.png>
Package pdftex.def Info: deleted.png used on input line 5381.
(pdftex.def)             Requested size: 252.33827pt x 238.48677pt.
 [126 <./delete_docs.png> <./deleted.png>]
<attaching.png, id=1229, 636.12656pt x 600.74437pt>
File: attaching.png Graphic file (type png)
 <use attaching.png>
Package pdftex.def Info: attaching.png used on input line 5398.
(pdftex.def)             Requested size: 318.0625pt x 300.37144pt.

<attached.png, id=1230, 694.09312pt x 601.4972pt>
File: attached.png Graphic file (type png)
 <use attached.png>
Package pdftex.def Info: attached.png used on input line 5403.
(pdftex.def)             Requested size: 347.04572pt x 300.74786pt.
 [127 <./attaching.png>] <web_gd.png, id=1236, 1443.3925pt x 441.65pt>
File: web_gd.png Graphic file (type png)
 <use web_gd.png>
Package pdftex.def Info: web_gd.png used on input line 5415.
(pdftex.def)             Requested size: 360.84724pt x 110.41222pt.

[128 <./attached.png> <./web_gd.png>]
Cap\'{\i }tol 11.
[129

] [130]
Cap\'{\i }tol 12.
[131

] [132]
Cap\'{\i }tol 13.
[133

]
Underfull \hbox (badness 10000) in paragraph at lines 5596--5597
[]\T1/ptm/m/n/10.95 Garca, L. (2015). Ze-roMQ (0MQ): Men-sa-je-ra mul-ti-len-
gua-je broker-less. \T1/ptm/m/it/10.95 Un
 []


Underfull \hbox (badness 10000) in paragraph at lines 5596--5597
\T1/ptm/m/it/10.95 po-co de Ja-va. \T1/ptm/m/n/10.95 Re-cu-pe-rat de: [][]$http
s : / / unpocodejava . wordpress . com / 2010 / 12 / 07 /
 []

[134]
Underfull \hbox (badness 6859) in paragraph at lines 5629--5630
[]\T1/ptm/m/n/10.95 Anapoli, J. (2014). Use cx-freeze to cre-a-te an msi that a
dds a short-cut to the
 []


Underfull \hbox (badness 7722) in paragraph at lines 5629--5630
\T1/ptm/m/n/10.95 desk-top. \T1/ptm/m/it/10.95 StackO-ver-flow. \T1/ptm/m/n/10.
95 Re-cu-pe-rat de: [][]$https : / / stackover^^]ow . com / questions / 1573470
3 /
 []

No file GestorDocumental.ind.
Package atveryend Info: Empty hook `BeforeClearDocument' on input line 5646.
[135]
Package atveryend Info: Empty hook `AfterLastShipout' on input line 5646.
 (./GestorDocumental.aux)
Package atveryend Info: Executing hook `AtVeryEndDocument' on input line 5646.
Package atveryend Info: Executing hook `AtEndAfterFileList' on input line 5646.

Package rerunfilecheck Info: File `GestorDocumental.out' has not changed.
(rerunfilecheck)             Checksum: D9A50399280040B16D84BD6A14C60185;13929.


LaTeX Warning: Label(s) may have changed. Rerun to get cross-references right.

Package atveryend Info: Empty hook `AtVeryVeryEnd' on input line 5646.
 ) 
Here is how much of TeX's memory you used:
 14608 strings out of 493014
 205140 string characters out of 6133351
 479765 words of memory out of 5000000
 17445 multiletter control sequences out of 15000+600000
 59029 words of font info for 94 fonts, out of 8000000 for 9000
 1142 hyphenation exceptions out of 8191
 37i,12n,51p,1014b,501s stack positions out of 5000i,500n,10000p,200000b,80000s
{/usr/local/texlive/2016/texmf-dist/fonts/enc/dvips/base/8r.enc}</usr/local/t
exlive/2016/texmf-dist/fonts/type1/public/amsfonts/cm/cmmi6.pfb></usr/local/tex
live/2016/texmf-dist/fonts/type1/public/amsfonts/cm/cmsy6.pfb></usr/local/texli
ve/2016/texmf-dist/fonts/type1/urw/courier/ucrb8a.pfb></usr/local/texlive/2016/
texmf-dist/fonts/type1/urw/courier/ucrr8a.pfb></usr/local/texlive/2016/texmf-di
st/fonts/type1/urw/courier/ucrro8a.pfb></usr/local/texlive/2016/texmf-dist/font
s/type1/urw/helvetic/uhvb8a.pfb></usr/local/texlive/2016/texmf-dist/fonts/type1
/urw/helvetic/uhvbo8a.pfb></usr/local/texlive/2016/texmf-dist/fonts/type1/urw/h
elvetic/uhvr8a.pfb></usr/local/texlive/2016/texmf-dist/fonts/type1/urw/times/ut
mb8a.pfb></usr/local/texlive/2016/texmf-dist/fonts/type1/urw/times/utmr8a.pfb><
/usr/local/texlive/2016/texmf-dist/fonts/type1/urw/times/utmri8a.pfb>
Output written on GestorDocumental.pdf (141 pages, 5239740 bytes).
PDF statistics:
 1432 PDF objects out of 1440 (max. 8388607)
 1153 compressed objects within 12 object streams
 300 named destinations out of 1000 (max. 500000)
 1006 words of extra memory for PDF output out of 10000 (max. 10000000)

